sample_save.c(133): 201400691200	[MsgId: MMSG-17999]
sample_save.c(133): 201400671200	[MsgId: MMSG-17999]
sample_save.c(133): 201400701200	[MsgId: MMSG-17999]
sample_save.c(133): 201400661200	[MsgId: MMSG-17999]
sample_save.c(133): 201400681200	[MsgId: MMSG-17999]
sample_save.c(133): 201400751200	[MsgId: MMSG-17999]
sample_save.c(133): 201400731200	[MsgId: MMSG-17999]
sample_save.c(133): 201400721200	[MsgId: MMSG-17999]
sample_save.c(133): 201400741200	[MsgId: MMSG-17999]
sample_save.c(133): 201400711200	[MsgId: MMSG-17999]
sample_save.c(133): 201400801200	[MsgId: MMSG-17999]
sample_save.c(133): 201400781200	[MsgId: MMSG-17999]
sample_save.c(133): 201400791200	[MsgId: MMSG-17999]
sample_save.c(133): 201400771200	[MsgId: MMSG-17999]
sample_save.c(133): 201400761200	[MsgId: MMSG-17999]
sample_save.c(133): 201400811200	[MsgId: MMSG-17999]
sample_save.c(133): 201400821200	[MsgId: MMSG-17999]
sample_save.c(133): 201400891200	[MsgId: MMSG-17999]
sample_save.c(133): 201400901200	[MsgId: MMSG-17999]
sample_save.c(133): 201400831200	[MsgId: MMSG-17999]
sample_save.c(93): Error -27726: Step download timeout (120 seconds) has expired  	[MsgId: MERR-27726]
sample_save.c(93): Error -27780: Timeout (120 seconds) exceeded while waiting to receive data for URL "http://202.116.104.161/NIP/dis/speInput.action"  	[MsgId: MERR-27780]
sample_save.c(185): Error -27726: Step download timeout (120 seconds) has expired  	[MsgId: MERR-27726]
sample_save.c(185): Error -27726: Step download timeout (120 seconds) has expired  	[MsgId: MERR-27726]
sample_save.c(93): Error -27726: Step download timeout (120 seconds) has expired  	[MsgId: MERR-27726]
sample_save.c(93): Error -27726: Step download timeout (120 seconds) has expired  	[MsgId: MERR-27726]
sample_save.c(185): Error -27780: Timeout (120 seconds) exceeded while waiting to receive data for URL "http://202.116.104.161/NIP/dis/speInputItem.action"  	[MsgId: MERR-27780]
sample_save.c(93): Error -27726: Step download timeout (120 seconds) has expired  	[MsgId: MERR-27726]
sample_save.c(185): Error -27726: Step download timeout (120 seconds) has expired  	[MsgId: MERR-27726]
sample_save.c(185): Error -27780: Timeout (120 seconds) exceeded while waiting to receive data for URL "http://202.116.104.161/NIP/dis/speInputItem.action"  	[MsgId: MERR-27780]
sample_save.c(185): Error -27780: Timeout (120 seconds) exceeded while waiting to receive data for URL "http://202.116.104.161/NIP/dis/speInputItem.action"  	[MsgId: MERR-27780]
sample_save.c(322): Error -27726: Step download timeout (120 seconds) has expired  	[MsgId: MERR-27726]
sample_save.c(322): Error -27726: Step download timeout (120 seconds) has expired  	[MsgId: MERR-27726]
sample_save.c(322): Error -26377: No match found for the requested parameter "spe_id". Check whether the requested boundaries exist in the response data. Also, if the data you want to save exceeds 256 bytes, use web_set_max_html_param_len to increase the parameter size  	[MsgId: MERR-26377]
sample_save.c(322): Error -26377: No match found for the requested parameter "spe_id". Check whether the requested boundaries exist in the response data. Also, if the data you want to save exceeds 256 bytes, use web_set_max_html_param_len to increase the parameter size  	[MsgId: MERR-26377]
sample_save.c(322): Error -26377: No match found for the requested parameter "bar_code". Check whether the requested boundaries exist in the response data. Also, if the data you want to save exceeds 256 bytes, use web_set_max_html_param_len to increase the parameter size  	[MsgId: MERR-26377]
sample_save.c(322): Error -26377: No match found for the requested parameter "bar_code". Check whether the requested boundaries exist in the response data. Also, if the data you want to save exceeds 256 bytes, use web_set_max_html_param_len to increase the parameter size  	[MsgId: MERR-26377]
sample_save.c(322): Error -27726: Step download timeout (120 seconds) has expired  	[MsgId: MERR-27726]
sample_save.c(322): Error -26377: No match found for the requested parameter "spe_id". Check whether the requested boundaries exist in the response data. Also, if the data you want to save exceeds 256 bytes, use web_set_max_html_param_len to increase the parameter size  	[MsgId: MERR-26377]
sample_save.c(322): Error -26377: No match found for the requested parameter "bar_code". Check whether the requested boundaries exist in the response data. Also, if the data you want to save exceeds 256 bytes, use web_set_max_html_param_len to increase the parameter size  	[MsgId: MERR-26377]
sample_save.c(322): Error -26374: The above "not found" error(s) may be explained by header and body byte counts being 0 and 0, respectively.  	[MsgId: MERR-26374]
sample_save.c(322): Error -26374: The above "not found" error(s) may be explained by header and body byte counts being 0 and 0, respectively.  	[MsgId: MERR-26374]
sample_save.c(322): Error -26374: The above "not found" error(s) may be explained by header and body byte counts being 0 and 0, respectively.  	[MsgId: MERR-26374]
sample_save.c(322): Error -27726: Step download timeout (120 seconds) has expired  	[MsgId: MERR-27726]
sample_save.c(322): Error -27726: Step download timeout (120 seconds) has expired  	[MsgId: MERR-27726]
sample_save.c(322): Error -26377: No match found for the requested parameter "spe_id". Check whether the requested boundaries exist in the response data. Also, if the data you want to save exceeds 256 bytes, use web_set_max_html_param_len to increase the parameter size  	[MsgId: MERR-26377]
sample_save.c(322): Error -26377: No match found for the requested parameter "spe_id". Check whether the requested boundaries exist in the response data. Also, if the data you want to save exceeds 256 bytes, use web_set_max_html_param_len to increase the parameter size  	[MsgId: MERR-26377]
sample_save.c(322): Error -26377: No match found for the requested parameter "bar_code". Check whether the requested boundaries exist in the response data. Also, if the data you want to save exceeds 256 bytes, use web_set_max_html_param_len to increase the parameter size  	[MsgId: MERR-26377]
sample_save.c(322): Error -26377: No match found for the requested parameter "bar_code". Check whether the requested boundaries exist in the response data. Also, if the data you want to save exceeds 256 bytes, use web_set_max_html_param_len to increase the parameter size  	[MsgId: MERR-26377]
sample_save.c(322): Error -26374: The above "not found" error(s) may be explained by header and body byte counts being 0 and 0, respectively.  	[MsgId: MERR-26374]
sample_save.c(322): Error -26374: The above "not found" error(s) may be explained by header and body byte counts being 0 and 0, respectively.  	[MsgId: MERR-26374]
sample_save.c(322): Error -27726: Step download timeout (120 seconds) has expired  	[MsgId: MERR-27726]
sample_save.c(322): Error -26377: No match found for the requested parameter "spe_id". Check whether the requested boundaries exist in the response data. Also, if the data you want to save exceeds 256 bytes, use web_set_max_html_param_len to increase the parameter size  	[MsgId: MERR-26377]
sample_save.c(322): Error -26377: No match found for the requested parameter "bar_code". Check whether the requested boundaries exist in the response data. Also, if the data you want to save exceeds 256 bytes, use web_set_max_html_param_len to increase the parameter size  	[MsgId: MERR-26377]
sample_save.c(322): Error -26374: The above "not found" error(s) may be explained by header and body byte counts being 0 and 0, respectively.  	[MsgId: MERR-26374]
